SF:lib\main.dart
DA:6,0
DA:7,0
DA:13,2
DA:15,1
DA:17,1
DA:19,1
DA:20,2
LF:7
LH:5
end_of_record
SF:lib\features\spacx\data\models\launch_history_model.dart
DA:7,0
DA:9,0
DA:20,0
DA:30,0
DA:31,0
DA:32,0
DA:33,0
DA:34,0
DA:35,0
DA:36,0
DA:40,0
DA:41,0
DA:42,0
DA:43,0
DA:44,0
DA:45,0
DA:46,0
DA:55,0
DA:61,0
DA:62,0
DA:63,0
DA:64,0
DA:67,0
DA:68,0
DA:69,0
DA:70,0
LF:26
LH:0
end_of_record
SF:lib\features\spacx\domain\repositories\launch_history_repository.dart
DA:6,1
DA:7,2
DA:8,2
DA:9,0
DA:10,0
DA:11,0
DA:12,0
DA:14,0
DA:17,1
LF:9
LH:4
end_of_record
SF:lib\features\spacx\presentation\blocs\history\launch_history_event.dart
DA:4,1
DA:8,0
DA:10,0
LF:3
LH:1
end_of_record
SF:lib\features\spacx\presentation\blocs\history\launch_history_bloc.dart
DA:15,3
DA:16,2
DA:17,2
DA:19,2
DA:20,0
DA:23,3
LF:6
LH:5
end_of_record
SF:lib\features\spacx\presentation\blocs\history\launch_history_state.dart
DA:4,1
DA:8,1
DA:9,1
DA:13,0
DA:15,0
DA:16,0
DA:20,1
DA:22,0
DA:23,0
LF:9
LH:4
end_of_record
SF:lib\features\spacx\presentation\pages\home_page.dart
DA:11,1
DA:13,1
DA:16,1
DA:17,2
DA:18,1
DA:19,2
DA:20,1
DA:21,1
DA:23,1
DA:30,1
DA:31,1
DA:32,1
DA:38,0
DA:40,0
DA:41,0
DA:42,0
DA:43,0
DA:44,0
DA:45,0
DA:46,0
DA:48,0
DA:57,0
LF:22
LH:12
end_of_record
